<?xml version="1.0" encoding="UTF-8"?>
<!-- Generated by org.testng.reporters.JUnitXMLReporter -->
<testsuite ignored="0" hostname="DESKTOP-7I8R9RJ" failures="0" tests="8" name="Default test" time="125.015" errors="0" timestamp="2025-05-13T23:56:05 IST">
  <testcase classname="orangeHRM_project.NewTest" name="f" time="4.11"/>
  <testcase classname="orangeHRM_project.NewTest" name="Admin" time="16.9"/>
  <testcase classname="orangeHRM_project.NewTest" name="PIM" time="67.292"/>
  <testcase classname="orangeHRM_project.NewTest" name="Time" time="7.154"/>
  <testcase classname="orangeHRM_project.NewTest" name="Leave" time="5.078"/>
  <testcase classname="orangeHRM_project.NewTest" name="Recruitment" time="5.985"/>
  <testcase classname="orangeHRM_project.NewTest" name="Claim" time="9.259"/>
  <testcase classname="orangeHRM_project.NewTest" name="Directory" time="4.228"/>
</testsuite> <!-- Default test -->
